<?xml version="1.0" encoding="UTF-8"?>
<!-- Generated by org.testng.reporters.JUnitReportReporter -->
<testsuite hostname="DESKTOP-BN58NSU" failures="0" tests="1" name="data.datadriven2" time="63.764" errors="0" timestamp="7 Nov 2022 17:10:51 GMT">
  <testcase classname="data.datadriven2" name="test2" time="63.764"/>
</testsuite> <!-- data.datadriven2 -->
