<?xml version="1.0" encoding="UTF-8"?>
<!-- Generated by org.testng.reporters.JUnitReportReporter -->
<testsuite hostname="DESKTOP-LHMO7C5" failures="0" tests="3" name="TestCases" time="18.131" errors="0" timestamp="1 Mar 2024 11:43:56 GMT">
  <testcase classname="TestCases" name="test2" time="0.413"/>
  <testcase classname="TestCases" name="test1" time="0.026"/>
  <testcase classname="TestCases" name="test3" time="17.692"/>
</testsuite> <!-- TestCases -->
