<?xml version="1.0" encoding="UTF-8"?>
<!-- Generated by org.testng.reporters.JUnitReportReporter -->
<testsuite hostname="DESKTOP-LHMO7C5" failures="0" tests="1" name="script2" time="16.145" errors="0" timestamp="10 Mar 2024 05:27:06 GMT">
  <testcase classname="script2" name="test2" time="16.145"/>
</testsuite> <!-- script2 -->
