<?xml version="1.0" encoding="UTF-8"?>
<!-- Generated by org.testng.reporters.JUnitReportReporter -->
<testsuite hostname="DESKTOP-LHMO7C5" failures="0" tests="1" name="script3" time="12.311" errors="0" timestamp="10 Mar 2024 05:37:46 GMT">
  <testcase classname="script3" name="test2" time="12.311"/>
</testsuite> <!-- script3 -->
