<?xml version="1.0" encoding="UTF-8"?>
<!-- Generated by org.testng.reporters.JUnitReportReporter -->
<testsuite hostname="DESKTOP-LHMO7C5" failures="0" tests="1" name="com.scf.testsuite.Demo1" time="13.057" errors="0" timestamp="15 Mar 2024 04:43:53 GMT">
  <testcase classname="com.scf.testsuite.Demo1" name="bt" time="13.057"/>
</testsuite> <!-- com.scf.testsuite.Demo1 -->
