<?xml version="1.0" encoding="UTF-8"?>
<!-- Generated by org.testng.reporters.JUnitReportReporter -->
<testsuite hostname="DESKTOP-LHMO7C5" failures="0" tests="1" name="com.demo.testsuite.testlogin" time="18.733" errors="0" timestamp="22 Mar 2024 07:25:30 GMT">
  <testcase classname="com.demo.testsuite.testlogin" name="test" time="18.733"/>
</testsuite> <!-- com.demo.testsuite.testlogin -->
