<?xml version="1.0" encoding="UTF-8"?>
<!-- Generated by org.testng.reporters.JUnitReportReporter -->
<testsuite hostname="DESKTOP-LHMO7C5" failures="0" tests="1" name="com.ddf.testsuite.TestFail_screenshot" time="7.355" errors="0" timestamp="20 Mar 2024 10:18:29 GMT">
  <testcase classname="com.ddf.testsuite.TestFail_screenshot" name="test4" time="7.355"/>
</testsuite> <!-- com.ddf.testsuite.TestFail_screenshot -->
