<?xml version="1.0" encoding="UTF-8"?>
<!-- Generated by org.testng.reporters.JUnitReportReporter -->
<testsuite hostname="DESKTOP-LHMO7C5" failures="0" tests="1" name="mobile_automation.test4" time="8.691" errors="0" timestamp="2024-03-17T11:15:00 IST" skipped="0">
  <testcase classname="mobile_automation.test4" name="launchappium" time="8.691"/>
</testsuite> <!-- mobile_automation.test4 -->
