<?xml version="1.0" encoding="UTF-8"?>
<!-- Generated by org.testng.reporters.JUnitReportReporter -->
<testsuite hostname="DESKTOP-LHMO7C5" failures="0" tests="1" name="mobile_automation.test3" time="5.333" errors="0" timestamp="2024-03-17T10:49:38 IST" skipped="0">
  <testcase classname="mobile_automation.test3" name="swipe" time="5.333"/>
</testsuite> <!-- mobile_automation.test3 -->
