<?xml version="1.0" encoding="UTF-8"?>
<!-- Generated by org.testng.reporters.JUnitReportReporter -->
<testsuite hostname="DESKTOP-LHMO7C5" failures="0" tests="1" name="mobile_automation.test6" time="10.766" errors="0" timestamp="2024-03-17T12:16:47 IST" skipped="0">
  <testcase classname="mobile_automation.test6" name="camera" time="10.766"/>
</testsuite> <!-- mobile_automation.test6 -->
