<?xml version="1.0" encoding="UTF-8"?>
<!-- Generated by org.testng.reporters.JUnitReportReporter -->
<testsuite hostname="DESKTOP-LHMO7C5" failures="0" tests="1" name="com.assign.testsuite.Testdemologin" time="16.380" errors="0" timestamp="19 Mar 2024 11:38:11 GMT">
  <testcase classname="com.assign.testsuite.Testdemologin" name="test8" time="16.380"/>
</testsuite> <!-- com.assign.testsuite.Testdemologin -->
