<?xml version="1.0" encoding="UTF-8"?>
<!-- Generated by org.testng.reporters.JUnitReportReporter -->
<testsuite hostname="DESKTOP-LHMO7C5" failures="0" tests="1" name="com.testsuite.test1" time="7.308" errors="0" timestamp="2024-03-14T11:25:31 IST" skipped="0">
  <testcase classname="com.testsuite.test1" name="beforetest" time="7.308"/>
  <system-out/>
</testsuite> <!-- com.testsuite.test1 -->
