<?xml version="1.0" encoding="UTF-8"?>
<!-- Generated by org.testng.reporters.JUnitReportReporter -->
<testsuite hostname="DESKTOP-LHMO7C5" failures="0" tests="1" name="demo4" time="10.795" errors="0" timestamp="12 Mar 2024 05:24:30 GMT">
  <testcase classname="demo4" name="test2" time="10.795"/>
</testsuite> <!-- demo4 -->
