<?xml version="1.0" encoding="UTF-8"?>
<!-- Generated by org.testng.reporters.JUnitReportReporter -->
<testsuite hostname="DESKTOP-LHMO7C5" failures="0" tests="1" name="demo" time="42.389" errors="0" timestamp="12 Mar 2024 04:19:20 GMT">
  <testcase classname="demo" name="test1" time="42.389"/>
</testsuite> <!-- demo -->
