<?xml version="1.0" encoding="UTF-8"?>
<!-- Generated by org.testng.reporters.JUnitReportReporter -->
<testsuite hostname="DESKTOP-LHMO7C5" failures="0" tests="1" name="demo" time="0.255" errors="0" timestamp="2024-03-06T18:13:59 IST" skipped="0">
  <testcase classname="demo" name="test2" time="0.255"/>
  <system-out/>
</testsuite> <!-- demo -->
